<?xml version="1.0" encoding="UTF-8"?>
<!-- Generated by org.testng.reporters.JUnitXMLReporter -->
<testsuite ignored="0" hostname="TYSS-Chandana-M" failures="0" tests="9" name="Test_01" time="92.047" errors="0" timestamp="2024-04-08T10:22:52 IST">
  <testcase classname="parallel_execution.TC_03" name="launch_Oppo" time="10.703"/>
  <testcase classname="parallel_execution.TC_02" name="launch_Vivo" time="8.855"/>
  <testcase classname="parallel_execution.TC_01" name="launch_Mi" time="24.422"/>
  <testcase classname="parallel_execution.TC_07" name="launch_Lakme" time="10.866"/>
  <testcase classname="parallel_execution.TC_06" name="launch_Flipkart" time="7.021"/>
  <testcase classname="parallel_execution.TC_05" name="launch_Meesho" time="10.873"/>
  <testcase classname="parallel_execution.TC_04" name="launch_Amazon" time="6.638"/>
  <testcase classname="parallel_execution.TC_09" name="launch_Mamaearth" time="6.612"/>
  <testcase classname="parallel_execution.TC_08" name="launch_Wow" time="5.99"/>
</testsuite> <!-- Test_01 -->
