<?xml version="1.0" encoding="UTF-8"?>
<testng-results ignored="0" total="2" passed="2" failed="0" skipped="0">
  <reporter-output>
  </reporter-output>
  <suite started-at="2024-04-12T16:36:19 IST" name="Default suite" finished-at="2024-04-12T16:36:28 IST" duration-ms="8899">
    <groups>
    </groups>
    <test started-at="2024-04-12T16:36:19 IST" name="Default test" finished-at="2024-04-12T16:36:28 IST" duration-ms="8899">
      <class name="dataprovider_concept.DataProvider_01">
        <test-method signature="login([Ljava.lang.String;)[pri:0, instance:dataprovider_concept.DataProvider_01@6a400542]" started-at="2024-04-12T16:36:20 IST" name="login" data-provider="test-01" finished-at="2024-04-12T16:36:28 IST" duration-ms="8008" status="PASS">
          <params>
            <param index="0">
              <value>
                <![CDATA[[Ljava.lang.String;@30bcf3c1]]>
              </value>
            </param>
          </params>
          <reporter-output>
          </reporter-output>
        </test-method> <!-- login -->
        <test-method signature="login([Ljava.lang.String;)[pri:0, instance:dataprovider_concept.DataProvider_01@6a400542]" started-at="2024-04-12T16:36:20 IST" name="login" data-provider="test-01" finished-at="2024-04-12T16:36:28 IST" duration-ms="8131" status="PASS">
          <params>
            <param index="0">
              <value>
                <![CDATA[[Ljava.lang.String;@2a3c96e3]]>
              </value>
            </param>
          </params>
          <reporter-output>
          </reporter-output>
        </test-method> <!-- login -->
      </class> <!-- dataprovider_concept.DataProvider_01 -->
    </test> <!-- Default test -->
  </suite> <!-- Default suite -->
</testng-results>
